make.exe all --print-data-base --no-builtin-variables --no-builtin-rules --question
make: *** No rule to make target 'all'.  Stop.
 
# GNU Make 4.3
# Built for Windows32
# Copyright (C) 1988-2020 Free Software Foundation, Inc.
# License GPLv3+: GNU GPL version 3 or later <http://gnu.org/licenses/gpl.html>
# This is free software: you are free to change and redistribute it.
# There is NO WARRANTY, to the extent permitted by law.

# Make data base, printed on Fri Feb 11 11:19:38 2022

# Variables

# environment
FPS_BROWSER_APP_PROFILE_STRING = Internet Explorer
# environment
GO111MODULE = on
# environment
SYSTEMDRIVE = C:
# environment
LC_ALL = C
# environment
USERPROFILE = C:\Users\Akash
# environment
LOCALAPPDATA = C:\Users\Akash\AppData\Local
# environment
VSCODE_IPC_HOOK_EXTHOST = \\.\pipe\vscode-ipc-9bf1f3bd-993b-4ee8-8288-aaaf853d81ff-sock
# environment
VSCODE_CWD = C:\WINDOWS\system32
# environment
CHOCOLATEYINSTALL = C:\ProgramData\chocolatey
# environment
SYSTEMROOT = C:\WINDOWS
# environment
PROCESSOR_LEVEL = 6
# environment
PSMODULEPATH = C:\Program Files\WindowsPowerShell\Modules;C:\WINDOWS\system32\WindowsPowerShell\v1.0\Modules
# default
MAKE_COMMAND := C:/ProgramData/chocolatey/lib/make/tools/install/bin/make.exe
# environment
GOPATH = C:\Users\Akash\go
# automatic
@D = $(patsubst %/,%,$(patsubst %\,%,$(dir $@)))
# environment
CHROME_CRASHPAD_PIPE_NAME = \\.\pipe\crashpad_13964_WJHPZUVVAJGAHJBU
# environment
FPS_BROWSER_USER_PROFILE_STRING = Default
# environment
VSCODE_HANDLES_UNCAUGHT_ERRORS = true
# default
.VARIABLES := 
# automatic
%D = $(patsubst %/,%,$(patsubst %\,%,$(dir $%)))
# automatic
^D = $(patsubst %/,%,$(patsubst %\,%,$(dir $^)))
# environment
VSCODE_LOG_STACK = true
# automatic
%F = $(notdir $%)
# environment
VSCODE_CODE_CACHE_PATH = C:\Users\Akash\AppData\Roaming\Code - Insiders\CachedData\82a8bec63666b0883d9bf762ee2aaa87e9be9a3a
# environment
LANG = C
# default
.LOADED := 
# environment
TMP = C:\Users\Akash\AppData\Local\Temp
# default
.INCLUDE_DIRS = .
# environment
PROCESSOR_ARCHITEW6432 = AMD64
# makefile
MAKEFLAGS = pqrR
# environment
ONEDRIVE = C:\Users\Akash\OneDrive
# environment
INTELLIJ IDEA COMMUNITY EDITION = C:\Program Files\JetBrains\IntelliJ IDEA Community Edition 2021.2.1\bin;
# makefile
CURDIR := d:/dev/practice/C
# environment
VSCODE_PIPE_LOGGING = true
# environment
APPLICATION_INSIGHTS_NO_DIAGNOSTIC_CHANNEL = 1
# environment
GOLAND = C:\Program Files\JetBrains\GoLand 2021.3.3\bin;
# automatic
*D = $(patsubst %/,%,$(patsubst %\,%,$(dir $*)))
# environment
PROGRAMFILES = C:\Program Files (x86)
# environment
MFLAGS = -pqrR
# default
.SHELLFLAGS := -c
# environment
COMMONPROGRAMW6432 = C:\Program Files\Common Files
# automatic
+D = $(patsubst %/,%,$(patsubst %\,%,$(dir $+)))
# makefile
MAKEFILE_LIST := 
# automatic
@F = $(notdir $@)
# environment
VSCODE_VERBOSE_LOGGING = true
# environment
VSCODE_PID = 13964
# environment
CLION = C:\Program Files\JetBrains\CLion 2020.1\bin;
# automatic
?D = $(patsubst %/,%,$(patsubst %\,%,$(dir $?)))
# automatic
*F = $(notdir $*)
# automatic
<D = $(patsubst %/,%,$(patsubst %\,%,$(dir $<)))
# environment
VSCODE_NLS_CONFIG = {"locale":"en-us","availableLanguages":{},"_languagePackSupport":true}
# default
MAKE_HOST := Windows32
# environment
PROGRAMDATA = C:\ProgramData
# default
SHELL := sh.exe
# environment
HOMEPATH = \Users\Akash
# default
MAKECMDGOALS := all
# environment
DRIVERDATA = C:\Windows\System32\Drivers\DriverData
# environment
COMSPEC = C:\WINDOWS\system32\cmd.exe
# environment
WEBSTORM = C:\Program Files\JetBrains\WebStorm 2020.1\bin;
# environment
WINDIR = C:\WINDOWS
# environment
MAKELEVEL := 0
# default
MAKE = $(MAKE_COMMAND)
# environment
PATH = C:\Program Files (x86)\Common Files\Oracle\Java\javapath;C:\Program Files\Common Files\Oracle\Java\javapath;C:\WINDOWS\system32;C:\WINDOWS;C:\WINDOWS\System32\Wbem;C:\WINDOWS\System32\WindowsPowerShell\v1.0\;C:\WINDOWS\System32\OpenSSH\;C:\ProgramData\chocolatey\bin;C:\ProgramData\nvm;C:\Program Files\nodejs;C:\tools\php80;C:\Program Files\CMake\bin;C:\Users\Akash\.cargo\bin;C:\Users\Akash\.windows-build-tools\python27\;C:\Program Files\MySQL\MySQL Shell 8.0\bin\;C:\Users\Akash\AppData\Local\Microsoft\WindowsApps;C:\Program Files\elasticsearch-7.10.0\bin;C:\Program Files\Java\jdk-15.0.1;C:\Program Files\kibana-7.10.0-windows-x86_64\bin;C:\logstash-7.10.1\bin;C:\Program Files\PostgreSQL\13\bin;C:\wamp64\bin\mysql\mysql8.0.21\bin;C:\Users\Akash\AppData\Local\Yarn\bin;C:\Users\Akash\.deno\bin;C:\Users\Akash\go\bin;C:\Program Files\dotnet\;C:\Program Files\flutter\bin;C:\Program Files\Git\cmd;C:\Program Files\Docker\Docker\resources\bin;C:\ProgramData\DockerDesktop\version-bin;C:\Program Files (x86)\Gpg4win\..\GnuPG\bin;C:\Program Files\Go\bin;C:\Users\Akash\AppData\Local\Programs\Python\Python38\Scripts\;C:\Users\Akash\AppData\Local\Programs\Python\Python38\;C:\Users\Akash\.cargo\bin;C:\Users\Akash\.windows-build-tools\python27\;C:\Users\Akash\AppData\Local\Microsoft\WindowsApps;C:\Program Files\elasticsearch-7.10.0\bin;C:\Program Files\Java\jdk-15.0.1;C:\Program Files\kibana-7.10.0-windows-x86_64\bin;C:\logstash-7.10.1\bin;C:\Program Files\PostgreSQL\13\bin;C:\wamp64\bin\mysql\mysql8.0.21\bin;C:\Users\Akash\.deno\bin;C:\Users\Akash\go\bin;C:\Program Files\mingw-w64\x86_64-8.1.0-posix-seh-rt_v6-rev0\mingw64\bin;C:\Program Files\ngrok;C:\Program Files\CMake\bin;C:\Program Files (x86)\Microsoft Visual Studio\2019\BuildTools\MSBuild\Current\Bin;C:\Program Files\heroku\bin;C:\Program Files\cmder;C:\Program Files\JetBrains\IntelliJ IDEA Community Edition 2021.2.1\bin;C:\Users\Akash\AppData\Local\atom\bin;C:\Users\Akash\AppData\Local\Programs\Microsoft VS Code Insiders\bin;C:\Users\Akash\AppData\Local\Programs\Python\Python39;C:\Users\Akash\flutter\bin;C:\Users\Akash\AppData\Local\Programs\Python\Python310;C:\Users\Akash\AppData\Local\Programs\Python\Python310\Scripts;C:\Program Files\JetBrains\PyCharm Community Edition 2021.2.3\bin;;C:\Users\Akash\AppData\Local\Microsoft\WindowsApps;C:\Program Files\Redis;C:\Windows\System32\WindowsPowerShell\v1.0;C:\Users\Akash\Documents\flutter\bin;C:\tools\neovim\Neovim\bin;C:\Program Files\JetBrains\CLion 2020.1\bin;;C:\Users\Akash\.dotnet\tools;C:\Program Files\JetBrains\WebStorm 2020.1\bin;;C:\Users\Akash\go\bin;C:\Users\Akash\composer;C:\Users\Akash\AppData\Roaming\Composer\vendor\bin;D:\dev\xampp\php;;C:\Program Files\JetBrains\GoLand 2021.3.3\bin;
# environment
ZES_ENABLE_SYSMAN = 1
# environment
COMPUTERNAME = CLOUDBLOOM
# default
MAKEFILES := 
# automatic
^F = $(notdir $^)
# environment
PROMPT = $P$G
# environment
CHOCOLATEYLASTPATHUPDATE = 132850498873495486
# environment
LOGONSERVER = \\CLOUDBLOOM
# environment
VSCODE_LOG_NATIVE = false
# environment
USERNAME = Akash
# environment
COMMONPROGRAMFILES = C:\Program Files (x86)\Common Files
# automatic
?F = $(notdir $?)
# environment
PROGRAMW6432 = C:\Program Files
# environment
PATHEXT = .COM;.EXE;.BAT;.CMD;.VBS;.VBE;.JS;.JSE;.WSF;.WSH;.MSC
# automatic
+F = $(notdir $+)
# environment
ORIGINAL_XDG_CURRENT_DESKTOP = undefined
# environment
USERDOMAIN = CLOUDBLOOM
# 'override' directive
GNUMAKEFLAGS := 
# environment
OS = Windows_NT
# environment
GYP_MSVS_VERSION = 2015
# makefile
.DEFAULT_GOAL := 
# environment
NVM_HOME = ./
# default
MAKE_VERSION := 4.3
# environment
PROGRAMFILES(X86) = C:\Program Files (x86)
# environment
USERDOMAIN_ROAMINGPROFILE = CLOUDBLOOM
# environment
NUMBER_OF_PROCESSORS = 8
# environment
PUBLIC = C:\Users\Public
# environment
APPDATA = C:\Users\Akash\AppData\Roaming
# environment
HOMEDRIVE = C:
# environment
NVM_SYMLINK = C:\Program Files\nodejs
# environment
PROCESSOR_ARCHITECTURE = x86
# environment
PYCHARM COMMUNITY EDITION = C:\Program Files\JetBrains\PyCharm Community Edition 2021.2.3\bin;
# environment
VSCODE_AMD_ENTRYPOINT = vs/workbench/api/node/extensionHostProcess
# environment
COMMONPROGRAMFILES(X86) = C:\Program Files (x86)\Common Files
# environment
ELECTRON_RUN_AS_NODE = 1
# environment
TEMP = C:\Users\Akash\AppData\Local\Temp
# environment
VSCODE_IPC_HOOK = \\.\pipe\6ebf8d685bdf240a8c6290e67abc1903-1.65.0-insider-main-sock
# default
.RECIPEPREFIX := 
# automatic
<F = $(notdir $<)
# default
SUFFIXES := 
# environment
ALLUSERSPROFILE = C:\ProgramData
# environment
SESSIONNAME = Console
# default
.FEATURES := target-specific order-only second-expansion else-if shortest-stem undefine oneshell nocomment grouped-target extra-prereqs archives jobserver output-sync load
# environment
PROCESSOR_REVISION = 7e05
# environment
CHOCOLATEYTOOLSLOCATION = C:\tools
# environment
PROCESSOR_IDENTIFIER = Intel64 Family 6 Model 126 Stepping 5, GenuineIntel
# variable set hash-table stats:
# Load=108/1024=11%, Rehash=0, Collisions=12/132=9%

# Pattern-specific Variable Values

# No pattern-specific variable values.

# Directories

# . (key d:/dev/practice/C, mtime 1644558555): 8 files, no impossibilities.

# 8 files, no impossibilities in 1 directories.

# Implicit Rules

# No implicit rules.

# Files

# Not a target:
Makefile:
#  Implicit rule search has been done.
#  File does not exist.
#  File has been updated.
#  Failed to be updated.

# Not a target:
.DEFAULT:
#  Implicit rule search has not been done.
#  Modification time never checked.
#  File has not been updated.

# Not a target:
all:
#  Command line target.
#  Implicit rule search has been done.
#  File does not exist.
#  File has not been updated.

# Not a target:
makefile:
#  Implicit rule search has been done.
#  File does not exist.
#  File has been updated.
#  Failed to be updated.

# Not a target:
makefile.mak:
#  Implicit rule search has been done.
#  File does not exist.
#  File has been updated.
#  Failed to be updated.

# Not a target:
GNUmakefile:
#  Implicit rule search has been done.
#  File does not exist.
#  File has been updated.
#  Failed to be updated.

# files hash-table stats:
# Load=7/1024=1%, Rehash=0, Collisions=0/16=0%
# VPATH Search Paths

# No 'vpath' search paths.

# No general ('VPATH' variable) search path.

# strcache buffers: 1 (0) / strings = 15 / storage = 131 B / avg = 8 B
# current buf: size = 8174 B / used = 131 B / count = 15 / avg = 8 B

# strcache performance: lookups = 18 / hit rate = 16%
# hash-table stats:
# Load=15/8192=0%, Rehash=0, Collisions=0/18=0%
# Finished Make data base on Fri Feb 11 11:19:38 2022

 
